lut 25, 2025 9:41:50 PM org.l2jmobius.gameserver.model.sevensigns.SevenSigns restoreSevenSignsData
SEVERE: SevenSigns: Unable to load Seven Signs data from database: Table 'l2jmobiusclassicinterlude.seven_signs' doesn't exist
java.sql.SQLSyntaxErrorException: Table 'l2jmobiusclassicinterlude.seven_signs' doesn't exist
	at com.mysql.cj.jdbc.exceptions.SQLError.createSQLException(SQLError.java:112)
	at com.mysql.cj.jdbc.exceptions.SQLExceptionsMapping.translateException(SQLExceptionsMapping.java:114)
	at com.mysql.cj.jdbc.StatementImpl.executeQuery(StatementImpl.java:1312)
	at com.zaxxer.hikari.pool.ProxyStatement.executeQuery(ProxyStatement.java:110)
	at com.zaxxer.hikari.pool.HikariProxyStatement.executeQuery(HikariProxyStatement.java)
	at org.l2jmobius.gameserver.model.sevensigns.SevenSigns.restoreSevenSignsData(SevenSigns.java:836)
	at org.l2jmobius.gameserver.model.sevensigns.SevenSigns.<init>(SevenSigns.java:148)
	at org.l2jmobius.gameserver.model.sevensigns.SevenSigns$SingletonHolder.<clinit>(SevenSigns.java:1699)
	at org.l2jmobius.gameserver.model.sevensigns.SevenSigns.getInstance(SevenSigns.java:403)
	at ai.others.Mammons.BlacksmithOfMammon.BlacksmithOfMammon.onEvent(BlacksmithOfMammon.java:78)
	at ai.others.Mammons.BlacksmithOfMammon.BlacksmithOfMammon.<init>(BlacksmithOfMammon.java:56)
	at ai.others.Mammons.BlacksmithOfMammon.BlacksmithOfMammon.main(BlacksmithOfMammon.java:98)
	at java.base/jdk.internal.reflect.DirectMethodHandleAccessor.invoke(DirectMethodHandleAccessor.java:103)
	at java.base/java.lang.reflect.Method.invoke(Method.java:580)
	at org.l2jmobius.gameserver.scripting.java.JavaExecutionContext.executeMainMethod(JavaExecutionContext.java:195)
	at org.l2jmobius.gameserver.scripting.java.JavaExecutionContext.executeScripts(JavaExecutionContext.java:131)
	at org.l2jmobius.gameserver.scripting.ScriptEngineManager.executeScriptList(ScriptEngineManager.java:194)
	at org.l2jmobius.gameserver.GameServer.<init>(GameServer.java:374)
	at org.l2jmobius.gameserver.GameServer.main(GameServer.java:493)

lut 25, 2025 9:41:50 PM org.l2jmobius.gameserver.model.sevensigns.SevenSignsFestival restoreFestivalData
SEVERE: SevenSignsFestival: Failed to load configuration: Table 'l2jmobiusclassicinterlude.seven_signs_festival' doesn't exist
java.sql.SQLSyntaxErrorException: Table 'l2jmobiusclassicinterlude.seven_signs_festival' doesn't exist
	at com.mysql.cj.jdbc.exceptions.SQLError.createSQLException(SQLError.java:112)
	at com.mysql.cj.jdbc.exceptions.SQLExceptionsMapping.translateException(SQLExceptionsMapping.java:114)
	at com.mysql.cj.jdbc.StatementImpl.executeQuery(StatementImpl.java:1312)
	at com.zaxxer.hikari.pool.ProxyStatement.executeQuery(ProxyStatement.java:110)
	at com.zaxxer.hikari.pool.HikariProxyStatement.executeQuery(HikariProxyStatement.java)
	at org.l2jmobius.gameserver.model.sevensigns.SevenSignsFestival.restoreFestivalData(SevenSignsFestival.java:941)
	at org.l2jmobius.gameserver.model.sevensigns.SevenSignsFestival.<init>(SevenSignsFestival.java:789)
	at org.l2jmobius.gameserver.model.sevensigns.SevenSignsFestival$SingletonHolder.<clinit>(SevenSignsFestival.java:2409)
	at org.l2jmobius.gameserver.model.sevensigns.SevenSignsFestival.getInstance(SevenSignsFestival.java:803)
	at org.l2jmobius.gameserver.model.sevensigns.SevenSigns$SevenSignsPeriodChange.run(SevenSigns.java:1502)
	at org.l2jmobius.commons.threads.ThreadPool$RunnableWrapper.run(ThreadPool.java:245)
	at java.base/java.util.concurrent.Executors$RunnableAdapter.call(Executors.java:572)
	at java.base/java.util.concurrent.FutureTask.run(FutureTask.java:317)
	at java.base/java.util.concurrent.ScheduledThreadPoolExecutor$ScheduledFutureTask.run(ScheduledThreadPoolExecutor.java:304)
	at java.base/java.util.concurrent.ThreadPoolExecutor.runWorker(ThreadPoolExecutor.java:1144)
	at java.base/java.util.concurrent.ThreadPoolExecutor$Worker.run(ThreadPoolExecutor.java:642)
	at java.base/java.lang.Thread.run(Thread.java:1575)

lut 25, 2025 9:41:50 PM org.l2jmobius.gameserver.model.sevensigns.SevenSignsFestival restoreFestivalData
SEVERE: SevenSignsFestival: Failed to load configuration: Table 'l2jmobiusclassicinterlude.seven_signs_status' doesn't exist
java.sql.SQLSyntaxErrorException: Table 'l2jmobiusclassicinterlude.seven_signs_status' doesn't exist
	at com.mysql.cj.jdbc.exceptions.SQLError.createSQLException(SQLError.java:112)
	at com.mysql.cj.jdbc.exceptions.SQLExceptionsMapping.translateException(SQLExceptionsMapping.java:114)
	at com.mysql.cj.jdbc.StatementImpl.executeQuery(StatementImpl.java:1312)
	at com.zaxxer.hikari.pool.ProxyStatement.executeQuery(ProxyStatement.java:110)
	at com.zaxxer.hikari.pool.HikariProxyStatement.executeQuery(HikariProxyStatement.java)
	at org.l2jmobius.gameserver.model.sevensigns.SevenSignsFestival.restoreFestivalData(SevenSignsFestival.java:986)
	at org.l2jmobius.gameserver.model.sevensigns.SevenSignsFestival.<init>(SevenSignsFestival.java:789)
	at org.l2jmobius.gameserver.model.sevensigns.SevenSignsFestival$SingletonHolder.<clinit>(SevenSignsFestival.java:2409)
	at org.l2jmobius.gameserver.model.sevensigns.SevenSignsFestival.getInstance(SevenSignsFestival.java:803)
	at org.l2jmobius.gameserver.model.sevensigns.SevenSigns$SevenSignsPeriodChange.run(SevenSigns.java:1502)
	at org.l2jmobius.commons.threads.ThreadPool$RunnableWrapper.run(ThreadPool.java:245)
	at java.base/java.util.concurrent.Executors$RunnableAdapter.call(Executors.java:572)
	at java.base/java.util.concurrent.FutureTask.run(FutureTask.java:317)
	at java.base/java.util.concurrent.ScheduledThreadPoolExecutor$ScheduledFutureTask.run(ScheduledThreadPoolExecutor.java:304)
	at java.base/java.util.concurrent.ThreadPoolExecutor.runWorker(ThreadPoolExecutor.java:1144)
	at java.base/java.util.concurrent.ThreadPoolExecutor$Worker.run(ThreadPoolExecutor.java:642)
	at java.base/java.lang.Thread.run(Thread.java:1575)

lut 25, 2025 9:41:53 PM org.l2jmobius.gameserver.instancemanager.DimensionalRiftManager loadRooms
WARNING: Can't load Dimension Rift zones. Table 'l2jmobiusclassicinterlude.dimensional_rift' doesn't exist
java.sql.SQLSyntaxErrorException: Table 'l2jmobiusclassicinterlude.dimensional_rift' doesn't exist
	at com.mysql.cj.jdbc.exceptions.SQLError.createSQLException(SQLError.java:112)
	at com.mysql.cj.jdbc.exceptions.SQLExceptionsMapping.translateException(SQLExceptionsMapping.java:114)
	at com.mysql.cj.jdbc.StatementImpl.executeQuery(StatementImpl.java:1312)
	at com.zaxxer.hikari.pool.ProxyStatement.executeQuery(ProxyStatement.java:110)
	at com.zaxxer.hikari.pool.HikariProxyStatement.executeQuery(HikariProxyStatement.java)
	at org.l2jmobius.gameserver.instancemanager.DimensionalRiftManager.loadRooms(DimensionalRiftManager.java:80)
	at org.l2jmobius.gameserver.instancemanager.DimensionalRiftManager.<init>(DimensionalRiftManager.java:67)
	at org.l2jmobius.gameserver.instancemanager.DimensionalRiftManager$SingletonHolder.<clinit>(DimensionalRiftManager.java:478)
	at org.l2jmobius.gameserver.instancemanager.DimensionalRiftManager.getInstance(DimensionalRiftManager.java:62)
	at org.l2jmobius.gameserver.GameServer.<init>(GameServer.java:382)
	at org.l2jmobius.gameserver.GameServer.main(GameServer.java:493)

lut 25, 2025 9:41:53 PM org.l2jmobius.gameserver.instancemanager.DimensionalRiftManager loadSpawns
WARNING: Error on loading dimensional rift spawns: Cannot invoke "java.util.Map.get(Object)" because the return value of "java.util.Map.get(Object)" is null
java.lang.NullPointerException: Cannot invoke "java.util.Map.get(Object)" because the return value of "java.util.Map.get(Object)" is null
	at org.l2jmobius.gameserver.instancemanager.DimensionalRiftManager.loadSpawns(DimensionalRiftManager.java:184)
	at org.l2jmobius.gameserver.instancemanager.DimensionalRiftManager.<init>(DimensionalRiftManager.java:68)
	at org.l2jmobius.gameserver.instancemanager.DimensionalRiftManager$SingletonHolder.<clinit>(DimensionalRiftManager.java:478)
	at org.l2jmobius.gameserver.instancemanager.DimensionalRiftManager.getInstance(DimensionalRiftManager.java:62)
	at org.l2jmobius.gameserver.GameServer.<init>(GameServer.java:382)
	at org.l2jmobius.gameserver.GameServer.main(GameServer.java:493)

