2025.02.25 21:41:26,448	INFO	1	org.l2jmobius.commons.util.IXmlReader	Network Config: ipconfig.xml doesn't exist using automatic configuration...
2025.02.25 21:41:26,594	INFO	1	org.l2jmobius.commons.util.IXmlReader	Network Config: Adding new subnet: 192.168.0.0/24 address: 192.168.0.109
2025.02.25 21:41:26,594	INFO	1	org.l2jmobius.commons.util.IXmlReader	Network Config: Adding new subnet: 192.168.56.0/24 address: 192.168.56.1
2025.02.25 21:41:26,595	INFO	1	org.l2jmobius.commons.util.IXmlReader	Network Config: Adding new subnet: 127.0.0.0/8 address: 127.0.0.1
2025.02.25 21:41:26,595	INFO	1	org.l2jmobius.commons.util.IXmlReader	Network Config: Adding new subnet: 0.0.0.0/0 address: 185.21.150.72
2025.02.25 21:41:26,719	INFO	1	org.l2jmobius.Config	Loaded 6 Filter Words.
2025.02.25 21:41:26,933	INFO	1	org.l2jmobius.gameserver.GameServer	------------------------------------------------=[ Database ]
2025.02.25 21:41:27,109	INFO	1	org.l2jmobius.commons.database.DatabaseFactory	Database: HikariCP pool initialized successfully.
2025.02.25 21:41:27,231	INFO	1	org.l2jmobius.commons.database.DatabaseFactory	Database: Initialized with a valid connection.
2025.02.25 21:41:27,247	INFO	1	org.l2jmobius.gameserver.GameServer	----------------------------------------------=[ ThreadPool ]
2025.02.25 21:41:27,247	INFO	1	org.l2jmobius.commons.threads.ThreadPool	ThreadPool: Initialized
2025.02.25 21:41:27,248	INFO	1	org.l2jmobius.commons.threads.ThreadPool	...scheduled pool executor with 12 high priority threads.
2025.02.25 21:41:27,253	INFO	1	org.l2jmobius.commons.threads.ThreadPool	...scheduled pool executor with 48 total threads.
2025.02.25 21:41:27,254	INFO	1	org.l2jmobius.commons.threads.ThreadPool	...instant pool executor with 24 total threads.
2025.02.25 21:41:27,254	INFO	1	org.l2jmobius.gameserver.GameServer	-----------------------------------------------=[ IdManager ]
2025.02.25 21:41:27,266	INFO	1	org.l2jmobius.gameserver.instancemanager.IdManager	Updated characters online status.
2025.02.25 21:41:27,746	WARNING	1	org.l2jmobius.gameserver.instancemanager.IdManager	IdManager: Could not clean up database: java.sql.SQLSyntaxErrorException: Table 'l2jmobiusclassicinterlude.seven_signs' doesn't exist
2025.02.25 21:41:27,753	INFO	1	org.l2jmobius.gameserver.instancemanager.IdManager	IdManager: Cleaned 0 expired timestamps from database.
2025.02.25 21:41:27,772	INFO	1	org.l2jmobius.gameserver.instancemanager.IdManager	IdManager: 102912 id's available.
2025.02.25 21:41:27,772	INFO	1	org.l2jmobius.gameserver.GameServer	----------------------------------------=[ Scripting Engine ]
2025.02.25 21:41:27,964	INFO	1	org.l2jmobius.gameserver.scripting.ScriptEngineManager	Loaded 799 files to exclude.
2025.02.25 21:41:27,965	INFO	1	org.l2jmobius.gameserver.GameServer	---------------------------------------------------=[ World ]
2025.02.25 21:41:28,106	INFO	1	org.l2jmobius.gameserver.instancemanager.MapRegionManager	MapRegionManager: Loaded 57 map regions.
2025.02.25 21:41:28,111	INFO	1	org.l2jmobius.gameserver.instancemanager.ZoneManager	ZoneManager 19 by 18 Zone Region Grid set up.
2025.02.25 21:41:28,450	INFO	1	org.l2jmobius.gameserver.instancemanager.ZoneManager	ZoneManager: Loaded 32 zone classes and 2744 zones.
2025.02.25 21:41:28,454	INFO	1	org.l2jmobius.gameserver.instancemanager.ZoneManager	ZoneManager: Last static id 200224.
2025.02.25 21:41:28,713	INFO	1	org.l2jmobius.gameserver.data.xml.DoorData	DoorData: Loaded 1180 doors.
2025.02.25 21:41:28,726	INFO	1	FenceData	FenceData: Loaded 1 fences.
2025.02.25 21:41:28,737	INFO	1	org.l2jmobius.gameserver.instancemanager.GlobalVariablesManager	GlobalVariablesManager: Loaded 4 variables.
2025.02.25 21:41:28,737	INFO	1	org.l2jmobius.gameserver.GameServer	----------------------------------------------------=[ Data ]
2025.02.25 21:41:28,750	INFO	1	org.l2jmobius.gameserver.data.xml.ActionData	ActionData: Loaded 242 player actions.
2025.02.25 21:41:28,797	INFO	1	org.l2jmobius.gameserver.data.xml.CategoryData	CategoryData: Loaded 215 categories.
2025.02.25 21:41:28,821	INFO	1	org.l2jmobius.gameserver.data.xml.SecondaryAuthData	SecondaryAuthData: Loaded 328 forbidden passwords.
2025.02.25 21:41:28,855	WARNING	1	org.l2jmobius.gameserver.data.xml.ItemData	Dir E:\L2 serv classic\Classic\Classic server2\game\data\stats\items\custom does not exist.
2025.02.25 21:41:30,393	INFO	1	org.l2jmobius.gameserver.data.xml.ItemData	ItemData: Highest item id used: 90726
2025.02.25 21:41:30,401	INFO	1	org.l2jmobius.gameserver.data.xml.ItemData	ItemData: Loaded 21741 Etc Items
2025.02.25 21:41:30,401	INFO	1	org.l2jmobius.gameserver.data.xml.ItemData	ItemData: Loaded 11226 Armor Items
2025.02.25 21:41:30,401	INFO	1	org.l2jmobius.gameserver.data.xml.ItemData	ItemData: Loaded 8662 Weapon Items
2025.02.25 21:41:30,402	INFO	1	org.l2jmobius.gameserver.data.xml.ItemData	ItemData: Loaded 41629 Items in total.
2025.02.25 21:41:30,407	INFO	1	org.l2jmobius.gameserver.data.xml.CombinationItemsData	CombinationItemsData: Loaded 855 combinations.
2025.02.25 21:41:30,420	INFO	1	org.l2jmobius.gameserver.data.xml.SayuneData	SayuneData: Loaded 0 maps.
2025.02.25 21:41:30,439	INFO	1	org.l2jmobius.gameserver.data.xml.ClanRewardData	ClanRewardData: Loaded 4 rewards for members online.
2025.02.25 21:41:30,439	INFO	1	org.l2jmobius.gameserver.data.xml.ClanRewardData	ClanRewardData: Loaded 4 rewards for hunting monsters.
2025.02.25 21:41:31,134	INFO	1	handlers.DailyMissionMasterHandler	DailyMissionMasterHandler: Loaded 9 handlers.
2025.02.25 21:41:31,149	INFO	1	org.l2jmobius.gameserver.data.xml.DailyMissionData	DailyMissionData: Loaded 0 one day rewards.
2025.02.25 21:41:31,149	INFO	1	org.l2jmobius.gameserver.GameServer	--------------------------------------------------=[ Skills ]
2025.02.25 21:41:32,996	INFO	1	handlers.EffectMasterHandler	EffectMasterHandler: Loaded 368 effect handlers.
2025.02.25 21:41:33,014	INFO	1	org.l2jmobius.gameserver.data.xml.EnchantSkillGroupsData	EnchantSkillGroupsData: Loaded 30 enchant routes, max enchant set to 30.
2025.02.25 21:41:36,052	INFO	1	org.l2jmobius.gameserver.data.xml.SkillData	SkillData: Loaded 127990 Skills.
2025.02.25 21:41:36,315	INFO	1	org.l2jmobius.gameserver.data.xml.SkillTreeData	SkillTreeData: Loaded 13708 Class skills for 89 class skill trees.
2025.02.25 21:41:36,315	INFO	1	org.l2jmobius.gameserver.data.xml.SkillTreeData	SkillTreeData: Loaded 0 sub-class skills.
2025.02.25 21:41:36,315	INFO	1	org.l2jmobius.gameserver.data.xml.SkillTreeData	SkillTreeData: Loaded 0 dual-class skills.
2025.02.25 21:41:36,315	INFO	1	org.l2jmobius.gameserver.data.xml.SkillTreeData	SkillTreeData: Loaded 0 transfer skills for 0 transfer skill trees.
2025.02.25 21:41:36,315	INFO	1	org.l2jmobius.gameserver.data.xml.SkillTreeData	SkillTreeData: Loaded 0 race skills for 0 race skill trees.
2025.02.25 21:41:36,315	INFO	1	org.l2jmobius.gameserver.data.xml.SkillTreeData	SkillTreeData: Loaded 35 fishing skills, 8 Dwarven only fishing skills.
2025.02.25 21:41:36,316	INFO	1	org.l2jmobius.gameserver.data.xml.SkillTreeData	SkillTreeData: Loaded 0 collect skills.
2025.02.25 21:41:36,319	INFO	1	org.l2jmobius.gameserver.data.xml.SkillTreeData	SkillTreeData: Loaded 73 clan skills, 43 for clan and 30 residential.
2025.02.25 21:41:36,319	INFO	1	org.l2jmobius.gameserver.data.xml.SkillTreeData	SkillTreeData: Loaded 18 sub-pledge skills.
2025.02.25 21:41:36,319	INFO	1	org.l2jmobius.gameserver.data.xml.SkillTreeData	SkillTreeData: Loaded 32 transform skills.
2025.02.25 21:41:36,319	INFO	1	org.l2jmobius.gameserver.data.xml.SkillTreeData	SkillTreeData: Loaded 8 noble skills.
2025.02.25 21:41:36,319	INFO	1	org.l2jmobius.gameserver.data.xml.SkillTreeData	SkillTreeData: Loaded 5 hero skills.
2025.02.25 21:41:36,319	INFO	1	org.l2jmobius.gameserver.data.xml.SkillTreeData	SkillTreeData: Loaded 34 game master skills.
2025.02.25 21:41:36,319	INFO	1	org.l2jmobius.gameserver.data.xml.SkillTreeData	SkillTreeData: Loaded 1 game master aura skills.
2025.02.25 21:41:36,320	INFO	1	org.l2jmobius.gameserver.data.xml.SkillTreeData	SkillTreeData: Loaded 0 ability skills.
2025.02.25 21:41:36,320	INFO	1	org.l2jmobius.gameserver.data.xml.SkillTreeData	SkillTreeData: Loaded 0 alchemy skills.
2025.02.25 21:41:36,320	INFO	1	org.l2jmobius.gameserver.data.xml.SkillTreeData	SkillTreeData: Loaded 0 class awaken save skills.
2025.02.25 21:41:36,320	INFO	1	org.l2jmobius.gameserver.data.xml.SkillTreeData	SkillTreeData: Loaded 0 Revelation skills.
2025.02.25 21:41:36,320	INFO	1	org.l2jmobius.gameserver.data.xml.SkillTreeData	SkillTreeData: Loaded 16 common skills.
2025.02.25 21:41:36,340	INFO	1	org.l2jmobius.gameserver.data.xml.PetSkillData	PetSkillData: Loaded 1046 skills.
2025.02.25 21:41:36,340	INFO	1	org.l2jmobius.gameserver.GameServer	---------------------------------------------------=[ Items ]
2025.02.25 21:41:36,405	INFO	1	org.l2jmobius.gameserver.data.xml.EnchantItemGroupsData	EnchantItemGroupsData: Loaded 4 item group templates.
2025.02.25 21:41:36,406	INFO	1	org.l2jmobius.gameserver.data.xml.EnchantItemGroupsData	EnchantItemGroupsData: Loaded 1 scroll group templates.
2025.02.25 21:41:36,406	INFO	1	org.l2jmobius.gameserver.data.xml.EnchantItemGroupsData	EnchantItemGroupsData: Max weapon enchant is set to 30.
2025.02.25 21:41:36,406	INFO	1	org.l2jmobius.gameserver.data.xml.EnchantItemGroupsData	EnchantItemGroupsData: Max armor enchant is set to 30.
2025.02.25 21:41:36,406	INFO	1	org.l2jmobius.gameserver.data.xml.EnchantItemGroupsData	EnchantItemGroupsData: Max accessory enchant is set to 30.
2025.02.25 21:41:36,424	INFO	1	org.l2jmobius.gameserver.data.xml.EnchantItemData	EnchantItemData: Loaded 248 enchant scrolls.
2025.02.25 21:41:36,424	INFO	1	org.l2jmobius.gameserver.data.xml.EnchantItemData	EnchantItemData: Loaded 100 support items.
2025.02.25 21:41:37,310	INFO	1	org.l2jmobius.gameserver.data.xml.OptionData	OptionData: Loaded 34053 options.
2025.02.25 21:41:37,323	INFO	1	org.l2jmobius.gameserver.data.xml.EnchantItemOptionsData	EnchantItemOptionsData: Loaded 68 items and 1747 options.
2025.02.25 21:41:37,336	INFO	1	org.l2jmobius.commons.util.IXmlReader	ElementalAttributeData: Loaded 0 elemental attribute items.
2025.02.25 21:41:37,347	INFO	1	org.l2jmobius.gameserver.data.xml.ItemCrystallizationData	ItemCrystallizationData: Loaded 12 crystallization templates.
2025.02.25 21:41:37,347	INFO	1	org.l2jmobius.gameserver.data.xml.ItemCrystallizationData	ItemCrystallizationData: Loaded 0 pre-defined crystallizable items.
2025.02.25 21:41:37,353	INFO	1	org.l2jmobius.gameserver.data.xml.ItemCrystallizationData	ItemCrystallizationData: Generated 0 crystallizable items from templates.
2025.02.25 21:41:37,443	INFO	1	VariationData	VariationData: Loaded 120 variations.
2025.02.25 21:41:37,444	INFO	1	VariationData	VariationData: Loaded 4717 fees.
2025.02.25 21:41:37,456	INFO	1	org.l2jmobius.gameserver.data.xml.EnchantItemHPBonusData	EnchantItemHPBonusData: Loaded 11 enchant HP bonuses.
2025.02.25 21:41:37,975	INFO	1	org.l2jmobius.gameserver.data.xml.BuyListData	BuyListData: Loaded 481 buyLists.
2025.02.25 21:41:38,192	INFO	1	org.l2jmobius.gameserver.data.xml.MultisellData	MultisellData: Loaded 109 multisell lists.
2025.02.25 21:41:38,230	INFO	1	org.l2jmobius.gameserver.data.xml.RecipeData	RecipeData: Loaded 630 recipes.
2025.02.25 21:41:38,270	INFO	1	org.l2jmobius.gameserver.data.xml.ArmorSetData	ArmorSetData: Loaded 317 armor sets.
2025.02.25 21:41:38,281	INFO	1	org.l2jmobius.gameserver.data.xml.FishingData	FishingData: Loaded 3 bait and 13 rod data.
2025.02.25 21:41:38,321	INFO	1	org.l2jmobius.gameserver.data.xml.HennaData	HennaData: Loaded 372 henna data.
2025.02.25 21:41:38,332	INFO	1	org.l2jmobius.gameserver.data.xml.PrimeShopData	PrimeShopData: System is disabled.
2025.02.25 21:41:38,361	INFO	1	org.l2jmobius.gameserver.data.xml.AppearanceItemData	AppearanceItemData: Loaded 1217 stones.
2025.02.25 21:41:38,378	INFO	1	org.l2jmobius.commons.util.IXmlReader	LuckyGameData: Loaded 2 lucky game data.
2025.02.25 21:41:38,387	INFO	1	org.l2jmobius.gameserver.data.xml.AttendanceRewardData	AttendanceRewardData: Loaded 28 rewards.
2025.02.25 21:41:38,388	INFO	1	org.l2jmobius.gameserver.GameServer	----------------------------------------------=[ Characters ]
2025.02.25 21:41:38,398	INFO	1	org.l2jmobius.gameserver.data.xml.ClassListData	ClassListData: Loaded 153 class data.
2025.02.25 21:41:38,408	INFO	1	org.l2jmobius.gameserver.data.xml.InitialEquipmentData	InitialEquipmentData: Loaded 9 initial equipment data.
2025.02.25 21:41:38,420	INFO	1	org.l2jmobius.gameserver.data.xml.InitialShortcutData	InitialShortcutData: Loaded 5 initial global shortcuts data.
2025.02.25 21:41:38,420	INFO	1	org.l2jmobius.gameserver.data.xml.InitialShortcutData	InitialShortcutData: Loaded 4 initial shortcuts data.
2025.02.25 21:41:38,420	INFO	1	org.l2jmobius.gameserver.data.xml.InitialShortcutData	InitialShortcutData: Loaded 0 macro presets.
2025.02.25 21:41:38,433	INFO	1	org.l2jmobius.gameserver.data.xml.ExperienceData	ExperienceData: Loaded 81 levels.
2025.02.25 21:41:38,433	INFO	1	org.l2jmobius.gameserver.data.xml.ExperienceData	ExperienceData: Max Player Level is 80.
2025.02.25 21:41:38,433	INFO	1	org.l2jmobius.gameserver.data.xml.ExperienceData	ExperienceData: Max Pet Level is 81.
2025.02.25 21:41:38,451	INFO	1	org.l2jmobius.gameserver.data.xml.KarmaData	KarmaData: Loaded 80 karma modifiers.
2025.02.25 21:41:38,462	INFO	1	org.l2jmobius.gameserver.data.xml.HitConditionBonusData	HitConditionBonusData: Loaded hit condition bonuses.
2025.02.25 21:41:38,679	INFO	1	org.l2jmobius.gameserver.data.xml.PlayerTemplateData	PlayerTemplateData: Loaded 89 character templates.
2025.02.25 21:41:38,680	INFO	1	org.l2jmobius.gameserver.data.xml.PlayerTemplateData	PlayerTemplateData: Loaded 42720 level up gain records.
2025.02.25 21:41:38,682	INFO	1	org.l2jmobius.gameserver.data.sql.CharInfoTable	CharInfoTable: Loaded 3 char names.
2025.02.25 21:41:38,687	INFO	1	org.l2jmobius.gameserver.data.sql.PartyMatchingHistoryTable	PartyMatchingHistoryTable: Loaded 0 party matching history data.
2025.02.25 21:41:38,700	INFO	1	org.l2jmobius.gameserver.data.xml.AdminData	AdminData: Loaded 10 access levels.
2025.02.25 21:41:38,711	INFO	1	org.l2jmobius.gameserver.data.xml.AdminData	AdminData: Loaded 460 access commands.
2025.02.25 21:41:39,113	INFO	1	org.l2jmobius.gameserver.data.xml.PetDataTable	PetDataTable: Loaded 56 pets.
2025.02.25 21:41:39,154	INFO	1	org.l2jmobius.gameserver.data.xml.CubicData	CubicData: Loaded 21 cubics.
2025.02.25 21:41:39,179	INFO	1	org.l2jmobius.gameserver.GameServer	---------------------------------------------------=[ Clans ]
2025.02.25 21:41:39,191	INFO	1	org.l2jmobius.gameserver.communitybbs.Manager.ForumsBBSManager	ForumsBBSManager: Loaded 5 forums. Last forum id used: 5
2025.02.25 21:41:39,210	INFO	1	org.l2jmobius.gameserver.data.sql.ClanTable	ClanTable: Restored 1 clans from the database.
2025.02.25 21:41:39,225	INFO	1	org.l2jmobius.gameserver.data.xml.ResidenceFunctionsData	ResidenceFunctionsData: Loaded 8 functions.
2025.02.25 21:41:39,342	INFO	1	org.l2jmobius.gameserver.data.xml.ClanHallData	ClanHallData: Succesfully loaded 48 clan halls.
2025.02.25 21:41:39,343	INFO	1	org.l2jmobius.gameserver.instancemanager.ClanHallAuctionManager	ClanHallAuctionManager: Clan Hall Auction has started!
2025.02.25 21:41:39,365	INFO	1	org.l2jmobius.gameserver.instancemanager.ClanEntryManager	ClanEntryManager: Loaded 0 clan entries.
2025.02.25 21:41:39,369	INFO	1	org.l2jmobius.gameserver.instancemanager.ClanEntryManager	ClanEntryManager: Loaded 0 players in waiting list.
2025.02.25 21:41:39,372	INFO	1	org.l2jmobius.gameserver.instancemanager.ClanEntryManager	ClanEntryManager: Loaded 0 player applications.
2025.02.25 21:41:39,372	INFO	1	org.l2jmobius.gameserver.GameServer	-------------------------------------------------=[ Geodata ]
2025.02.25 21:41:39,384	INFO	1	org.l2jmobius.gameserver.geoengine.GeoEngine	GeoEngine: Loaded 0 regions.
2025.02.25 21:41:39,384	INFO	1	org.l2jmobius.gameserver.geoengine.GeoEngine	GeoEngine: Pathfinding is disabled.
2025.02.25 21:41:39,385	INFO	1	org.l2jmobius.gameserver.GameServer	----------------------------------------------------=[ NPCs ]
2025.02.25 21:41:41,539	INFO	1	org.l2jmobius.gameserver.data.xml.NpcData	NpcData: Loaded 15046 NPCs.
2025.02.25 21:41:41,554	INFO	1	org.l2jmobius.gameserver.data.xml.NpcData	NpcData: Loaded 18 custom NPCs.
2025.02.25 21:41:41,570	INFO	1	org.l2jmobius.gameserver.data.xml.LevelUpCrystalData	Soul crystal data : Loaded 54
2025.02.25 21:41:41,570	INFO	1	org.l2jmobius.gameserver.data.xml.LevelUpCrystalData	Npc leveling crystal data : Loaded 124
2025.02.25 21:41:41,571	INFO	1	org.l2jmobius.gameserver.data.xml.FakePlayerData	FakePlayerData: Disabled.
2025.02.25 21:41:41,572	INFO	1	org.l2jmobius.gameserver.instancemanager.FakePlayerChatManager	FakePlayerChatManager: Disabled.
2025.02.25 21:41:41,908	INFO	1	org.l2jmobius.gameserver.data.xml.SpawnData	SpawnData: Loaded 26751 spawns
2025.02.25 21:41:46,001	INFO	1	org.l2jmobius.gameserver.instancemanager.WalkingManager	WalkingManager: Loaded 13 walking routes.
2025.02.25 21:41:46,017	INFO	1	org.l2jmobius.gameserver.data.xml.StaticObjectData	StaticObjectData: Loaded 86 static object templates.
2025.02.25 21:41:46,018	INFO	1	org.l2jmobius.gameserver.instancemanager.ItemAuctionManager	ItemAuctionManager: Disabled.
2025.02.25 21:41:46,082	INFO	1	org.l2jmobius.gameserver.instancemanager.InstanceManager	InstanceManager: Loaded 267 instance names.
2025.02.25 21:41:46,113	INFO	1	org.l2jmobius.gameserver.instancemanager.InstanceManager	InstanceManager: Loaded 7 instance templates.
2025.02.25 21:41:46,114	INFO	1	org.l2jmobius.gameserver.instancemanager.InstanceManager	InstanceManager: Loaded instance reenter times for 0 players.
2025.02.25 21:41:46,125	INFO	1	org.l2jmobius.gameserver.instancemanager.CastleManager	CastleManager: Loaded 9 castles.
2025.02.25 21:41:46,133	INFO	1	org.l2jmobius.gameserver.data.SchemeBufferTable	SchemeBufferTable: Loaded 2 players schemes and 60 available buffs.
2025.02.25 21:41:46,138	INFO	1	org.l2jmobius.gameserver.instancemanager.GrandBossManager	GrandBossManager: Gigantic Chaos Golem(25512) status is 0
2025.02.25 21:41:46,139	INFO	1	org.l2jmobius.gameserver.instancemanager.GrandBossManager	GrandBossManager: Queen Ant(29001) status is 0
2025.02.25 21:41:46,139	INFO	1	org.l2jmobius.gameserver.instancemanager.GrandBossManager	GrandBossManager: Core(29006) status is 0
2025.02.25 21:41:46,140	INFO	1	org.l2jmobius.gameserver.instancemanager.GrandBossManager	GrandBossManager: Orfen(29014) status is 0
2025.02.25 21:41:46,140	INFO	1	org.l2jmobius.gameserver.instancemanager.GrandBossManager	GrandBossManager: Baium(29020) status is 0
2025.02.25 21:41:46,140	INFO	1	org.l2jmobius.gameserver.instancemanager.GrandBossManager	GrandBossManager: Zaken(29022) status is 0
2025.02.25 21:41:46,140	INFO	1	org.l2jmobius.gameserver.instancemanager.GrandBossManager	GrandBossManager: Valakas(29028) status is 0
2025.02.25 21:41:46,140	INFO	1	org.l2jmobius.gameserver.instancemanager.GrandBossManager	GrandBossManager: Antharas(29068) status is 0
2025.02.25 21:41:46,140	INFO	1	org.l2jmobius.gameserver.instancemanager.GrandBossManager	GrandBossManager: Loaded 8 instances.
2025.02.25 21:41:46,141	INFO	1	org.l2jmobius.gameserver.GameServer	------------------------------------------------=[ Instance ]
2025.02.25 21:41:46,141	INFO	1	org.l2jmobius.gameserver.GameServer	------------------------------------------------=[ Olympiad ]
2025.02.25 21:41:46,149	INFO	1	org.l2jmobius.gameserver.model.olympiad.Olympiad	Olympiad System: Loading....
2025.02.25 21:41:46,149	INFO	1	org.l2jmobius.gameserver.model.olympiad.Olympiad	Olympiad System: Currently in Olympiad Period
2025.02.25 21:41:46,149	INFO	1	org.l2jmobius.gameserver.model.olympiad.Olympiad	Olympiad System: 26 days, 14 hours and 18 mins until period ends.
2025.02.25 21:41:46,149	INFO	1	org.l2jmobius.gameserver.model.olympiad.Olympiad	Olympiad System: Next weekly change is in 6 days, 22 hours and 38 mins.
2025.02.25 21:41:46,149	INFO	1	org.l2jmobius.gameserver.model.olympiad.Olympiad	Olympiad System: Loaded 0 Nobles
2025.02.25 21:41:46,151	INFO	1	org.l2jmobius.gameserver.model.olympiad.Olympiad	Olympiad System: Competition Period Starts in 0 days, 0 hours and 0 mins.
2025.02.25 21:41:46,162	INFO	1	org.l2jmobius.gameserver.model.olympiad.Olympiad	Olympiad System: Event starts/started: Tue Feb 25 18:00:46 CET 2025
2025.02.25 21:41:46,165	INFO	1	org.l2jmobius.gameserver.model.olympiad.Hero	Hero System: Loaded 0 Heroes.
2025.02.25 21:41:46,165	INFO	1	org.l2jmobius.gameserver.model.olympiad.Hero	Hero System: Loaded 0 all time Heroes.
2025.02.25 21:41:46,165	INFO	1	org.l2jmobius.gameserver.GameServer	---------------------------------------------------=[ Cache ]
2025.02.25 21:41:46,166	INFO	1	org.l2jmobius.gameserver.cache.HtmCache	Cache[HTML]: Running lazy cache.
2025.02.25 21:41:46,170	INFO	1	org.l2jmobius.gameserver.data.sql.CrestTable	CrestTable: Loaded 0 Crests.
2025.02.25 21:41:46,174	INFO	81	org.l2jmobius.gameserver.model.olympiad.Olympiad	Olympiad System: Olympiad Games have started.
2025.02.25 21:41:46,303	INFO	1	org.l2jmobius.gameserver.data.xml.TeleporterData	TeleporterData: Loaded 121 npc teleporters.
2025.02.25 21:41:46,701	INFO	81	org.l2jmobius.gameserver.instancemanager.DBSpawnManager	DBSpawnManager: Loaded 225 instances.
2025.02.25 21:41:46,701	INFO	81	org.l2jmobius.gameserver.instancemanager.DBSpawnManager	DBSpawnManager: Scheduled 0 instances.
2025.02.25 21:41:46,745	INFO	1	org.l2jmobius.gameserver.data.xml.TransformData	TransformData: Loaded 174 transform templates.
2025.02.25 21:41:46,752	INFO	1	org.l2jmobius.gameserver.data.BotReportTable	BotReportTable: Loaded 0 bot reports
2025.02.25 21:41:46,752	INFO	1	org.l2jmobius.gameserver.GameServer	-------------------------------------------------=[ Scripts ]
2025.02.25 21:41:46,758	INFO	1	org.l2jmobius.gameserver.instancemanager.AirShipManager	AirShipManager: Loaded 0 private airships
2025.02.25 21:41:46,775	INFO	1	org.l2jmobius.gameserver.data.xml.ShuttleData	ShuttleData: Loaded 1 shuttles.
2025.02.25 21:41:46,775	INFO	1	org.l2jmobius.gameserver.GameServer	GameServer: Loading server scripts:
2025.02.25 21:41:46,829	INFO	81	org.l2jmobius.gameserver.model.olympiad.OlympiadGameManager	Olympiad System: Loaded 80 stadiums.
2025.02.25 21:41:48,053	INFO	1	handlers.MasterHandler	Loading Handlers...
2025.02.25 21:41:48,130	INFO	1	handlers.MasterHandler	ActionHandler: Loaded 10 handlers.
2025.02.25 21:41:48,130	INFO	1	handlers.MasterHandler	ActionShiftHandler: Loaded 6 handlers.
2025.02.25 21:41:48,131	INFO	1	handlers.MasterHandler	AdminCommandHandler: Loaded 452 handlers.
2025.02.25 21:41:48,131	INFO	1	handlers.MasterHandler	BypassHandler: Loaded 37 handlers.
2025.02.25 21:41:48,131	INFO	1	handlers.MasterHandler	ChatHandler: Loaded 14 handlers.
2025.02.25 21:41:48,131	INFO	1	handlers.MasterHandler	CommunityBoardHandler: Loaded 24 handlers.
2025.02.25 21:41:48,131	INFO	1	handlers.MasterHandler	ItemHandler: Loaded 31 handlers.
2025.02.25 21:41:48,131	INFO	1	handlers.MasterHandler	PunishmentHandler: Loaded 3 handlers.
2025.02.25 21:41:48,131	INFO	1	handlers.MasterHandler	UserCommandHandler: Loaded 16 handlers.
2025.02.25 21:41:48,131	INFO	1	handlers.MasterHandler	VoicedCommandHandler: Loaded 7 handlers.
2025.02.25 21:41:48,131	INFO	1	handlers.MasterHandler	TargetHandler: Loaded 21 handlers.
2025.02.25 21:41:48,131	INFO	1	handlers.MasterHandler	AffectObjectHandler: Loaded 11 handlers.
2025.02.25 21:41:48,131	INFO	1	handlers.MasterHandler	AffectScopeHandler: Loaded 19 handlers.
2025.02.25 21:41:48,131	INFO	1	handlers.MasterHandler	PlayerActionHandler: Loaded 24 handlers.
2025.02.25 21:41:48,131	INFO	1	handlers.MasterHandler	Handlers Loaded...
2025.02.25 21:41:50,634	INFO	1	ai.areas.ImperialTomb.FourSepulchers.FourSepulchers	[Four Sepulchers] Loaded 762 spawn zones data.
2025.02.25 21:41:50,693	INFO	1	org.l2jmobius.gameserver.instancemanager.GrandBossManager	GrandBossManager: Updated Zaken(29022) status to 0.
2025.02.25 21:41:50,710	INFO	1	ai.others.ClassMaster.ClassMaster	ClassMaster: Loaded 0 class change options.
2025.02.25 21:41:50,718	SEVERE	1	org.l2jmobius.gameserver.model.sevensigns.SevenSigns	SevenSigns: Unable to load Seven Signs data from database: Table 'l2jmobiusclassicinterlude.seven_signs' doesn't exist
2025.02.25 21:41:50,723	INFO	1	org.l2jmobius.gameserver.model.sevensigns.SevenSigns	SevenSigns: Currently in the Quest Event Initialization period!
2025.02.25 21:41:50,723	INFO	1	org.l2jmobius.gameserver.model.sevensigns.SevenSigns	SevenSigns: The competition, if the current trend continues, will end in a tie this week.
2025.02.25 21:41:50,723	INFO	1	org.l2jmobius.gameserver.model.sevensigns.SevenSigns	SevenSigns: Next period change was in the past (server was offline), changing periods now!
2025.02.25 21:41:50,724	INFO	1	org.l2jmobius.gameserver.model.sevensigns.SevenSigns	SevenSigns: Next period begins in 0 days, 0 hours and 0 mins.
2025.02.25 21:41:50,726	SEVERE	82	org.l2jmobius.gameserver.model.sevensigns.SevenSignsFestival	SevenSignsFestival: Failed to load configuration: Table 'l2jmobiusclassicinterlude.seven_signs_festival' doesn't exist
2025.02.25 21:41:50,728	SEVERE	82	org.l2jmobius.gameserver.model.sevensigns.SevenSignsFestival	SevenSignsFestival: Failed to load configuration: Table 'l2jmobiusclassicinterlude.seven_signs_status' doesn't exist
2025.02.25 21:41:50,730	INFO	82	org.l2jmobius.gameserver.model.sevensigns.SevenSignsFestival	SevenSignsFestival: The first Festival of Darkness cycle begins in 2 minute(s).
2025.02.25 21:41:50,730	INFO	82	org.l2jmobius.gameserver.model.sevensigns.SevenSignsFestival	SevenSignsFestival: The first Festival of Darkness cycle begins in 2 minute(s).
2025.02.25 21:41:50,804	INFO	1	org.l2jmobius.gameserver.model.quest.Quest	Event Eve the Fortune Teller has passed... Ignored 
2025.02.25 21:41:50,810	INFO	1	org.l2jmobius.gameserver.model.quest.Quest	Event Happy Hours has passed... Ignored 
2025.02.25 21:41:50,812	INFO	1	org.l2jmobius.gameserver.model.quest.Quest	Event Merry Squashmas Event has passed... Ignored 
2025.02.25 21:41:50,815	INFO	1	org.l2jmobius.gameserver.model.quest.Quest	Event Rudolphs Blessing has passed... Ignored 
2025.02.25 21:41:50,818	INFO	1	org.l2jmobius.gameserver.model.quest.Quest	Event Squash Event has passed... Ignored 
2025.02.25 21:41:50,820	INFO	1	org.l2jmobius.gameserver.model.quest.Quest	Event The Power Of Love has passed... Ignored 
2025.02.25 21:41:50,824	INFO	1	org.l2jmobius.gameserver.model.quest.Quest	Event Watermelon Ninja has passed... Ignored 
2025.02.25 21:41:51,077	INFO	1	org.l2jmobius.gameserver.data.xml.SpawnData	SpawnData: Initializing spawns...
2025.02.25 21:41:53,335	INFO	1	org.l2jmobius.gameserver.data.xml.SpawnData	SpawnData: All spawns has been initialized!
2025.02.25 21:41:53,338	WARNING	1	org.l2jmobius.gameserver.instancemanager.DimensionalRiftManager	Can't load Dimension Rift zones. Table 'l2jmobiusclassicinterlude.dimensional_rift' doesn't exist
2025.02.25 21:41:53,339	INFO	1	org.l2jmobius.gameserver.instancemanager.DimensionalRiftManager	DimensionalRiftManager: Loaded 0 room types with 0 rooms.
2025.02.25 21:41:53,340	WARNING	1	org.l2jmobius.gameserver.instancemanager.DimensionalRiftManager	Type 1 not found!
2025.02.25 21:41:53,340	WARNING	1	org.l2jmobius.gameserver.instancemanager.DimensionalRiftManager	Error on loading dimensional rift spawns: Cannot invoke "java.util.Map.get(Object)" because the return value of "java.util.Map.get(Object)" is null
2025.02.25 21:41:53,341	INFO	1	org.l2jmobius.gameserver.instancemanager.DimensionalRiftManager	DimensionalRiftManager: Loaded 0 dimensional rift spawns, 0 errors.
2025.02.25 21:41:53,341	INFO	1	org.l2jmobius.gameserver.GameServer	---------------------------------------------------=[ Siege ]
2025.02.25 21:41:53,366	INFO	1	org.l2jmobius.gameserver.data.xml.SiegeScheduleData	SiegeScheduleData: Loaded 9 siege schedulers.
2025.02.25 21:41:53,366	INFO	1	org.l2jmobius.gameserver.model.siege.Siege	Siege of Gludio: Sun Mar 02 16:00:00 CET 2025
2025.02.25 21:41:53,372	INFO	1	org.l2jmobius.gameserver.model.siege.Siege	Siege of Dion: Sun Mar 02 20:00:00 CET 2025
2025.02.25 21:41:53,374	INFO	1	org.l2jmobius.gameserver.model.siege.Siege	Siege of Giran: Sun Mar 02 16:00:00 CET 2025
2025.02.25 21:41:53,375	INFO	1	org.l2jmobius.gameserver.model.siege.Siege	Siege of Oren: Sun Mar 02 20:00:00 CET 2025
2025.02.25 21:41:53,375	INFO	1	org.l2jmobius.gameserver.model.siege.Siege	Siege of Aden: Sun Mar 02 16:00:00 CET 2025
2025.02.25 21:41:53,376	INFO	1	org.l2jmobius.gameserver.model.siege.Siege	Siege of Innadril: Sun Mar 02 20:00:00 CET 2025
2025.02.25 21:41:53,377	INFO	1	org.l2jmobius.gameserver.model.siege.Siege	Siege of Goddard: Sun Mar 02 16:00:00 CET 2025
2025.02.25 21:41:53,377	INFO	1	org.l2jmobius.gameserver.model.siege.Siege	Siege of Rune: Sun Mar 02 20:00:00 CET 2025
2025.02.25 21:41:53,377	INFO	1	org.l2jmobius.gameserver.model.siege.Siege	Siege of Schuttgart: Sun Mar 02 16:00:00 CET 2025
2025.02.25 21:41:53,382	INFO	1	org.l2jmobius.gameserver.instancemanager.CastleManorManager	CastleManorManager: Manor system is deactivated.
2025.02.25 21:41:53,388	INFO	1	org.l2jmobius.gameserver.instancemanager.SiegeGuardManager	SiegeGuardManager: Loaded 0 siege guards tickets.
2025.02.25 21:41:53,389	INFO	1	org.l2jmobius.gameserver.instancemanager.QuestManager	QuestManager: Loaded 299 quests.
2025.02.25 21:41:53,389	INFO	1	org.l2jmobius.gameserver.instancemanager.QuestManager	QuestManager: Loaded 122 scripts.
2025.02.25 21:41:53,394	INFO	1	org.l2jmobius.gameserver.instancemanager.games.MonsterRaceManager	MonsterRace: loaded 29 records, currently on race #30
2025.02.25 21:41:53,413	INFO	1	org.l2jmobius.gameserver.taskmanager.TaskManager	TaskManager: Loaded 6 Tasks.
2025.02.25 21:41:53,414	INFO	1	org.l2jmobius.gameserver.instancemanager.DailyTaskManager	DailyTaskManager: Next schedule at 26/02 06:30.
2025.02.25 21:41:53,418	INFO	1	org.l2jmobius.gameserver.instancemanager.MailManager	MailManager: Loaded 0 messages.
2025.02.25 21:41:53,424	INFO	1	org.l2jmobius.gameserver.instancemanager.PunishmentManager	PunishmentManager: Loaded 0 active and 0 expired punishments.
2025.02.25 21:41:53,425	INFO	1	org.l2jmobius.gameserver.GameServer	IdManager: Free ObjectID's remaining: 1879007787
2025.02.25 21:41:53,428	INFO	1	org.l2jmobius.gameserver.data.sql.OfflineTraderTable	OfflineTraderTable: Loading offline traders...
2025.02.25 21:41:53,431	INFO	1	org.l2jmobius.gameserver.data.sql.OfflineTraderTable	OfflineTraderTable: Loaded 0 offline traders.
2025.02.25 21:41:54,728	INFO	1	org.l2jmobius.gameserver.GameServer	GameServer: Started, using 1094 of 4096 MB total memory.
2025.02.25 21:41:54,729	INFO	1	org.l2jmobius.gameserver.GameServer	GameServer: Maximum number of connected players is 2000.
2025.02.25 21:41:54,729	INFO	1	org.l2jmobius.gameserver.GameServer	GameServer: Server loaded in 28 seconds.
2025.02.25 21:41:54,750	INFO	141	org.l2jmobius.gameserver.LoginServerThread	LoginServerThread: Connecting to login on 127.0.0.1:9014
2025.02.25 21:41:54,811	INFO	141	org.l2jmobius.gameserver.LoginServerThread	LoginServerThread: Registered on login as Server 1: Bartz
2025.02.25 21:47:10,168	WARNING	141	org.l2jmobius.gameserver.LoginServerThread	LoginServerThread: LoginServer not available, trying to reconnect...
2025.02.25 21:47:15,170	INFO	141	org.l2jmobius.gameserver.LoginServerThread	LoginServerThread: Connecting to login on 127.0.0.1:9014
2025.02.25 21:47:15,190	INFO	141	org.l2jmobius.gameserver.LoginServerThread	LoginServerThread: Registered on login as Server 1: Bartz
2025.02.25 21:47:19,895	WARNING	42	org.l2jmobius.gameserver.Shutdown	Server scheduled restart issued shutdown command. Restart in 1 seconds!
2025.02.25 21:47:20,896	WARNING	178	org.l2jmobius.gameserver.Shutdown	GM shutdown countdown is over. restarting NOW!
2025.02.25 21:47:20,896	INFO	178	org.l2jmobius.gameserver.Shutdown	All players disconnected and saved(0ms).
2025.02.25 21:47:20,896	INFO	178	org.l2jmobius.gameserver.Shutdown	Game Time Task Manager: Thread interruped(0ms).
2025.02.25 21:47:20,897	INFO	178	org.l2jmobius.commons.threads.ThreadPool	ThreadPool: Shutting down.
2025.02.25 21:47:20,900	INFO	178	org.l2jmobius.gameserver.Shutdown	Thread Pool Manager: Manager has been shut down(4ms).
2025.02.25 21:47:20,901	INFO	178	org.l2jmobius.gameserver.Shutdown	Login Server Thread: Thread interruped(1ms).
2025.02.25 21:47:20,901	INFO	178	org.l2jmobius.gameserver.Shutdown	GM restart received. Restarting NOW!
2025.02.25 21:47:20,944	INFO	178	org.l2jmobius.gameserver.Shutdown	RaidBossSpawnManager: All raidboss info saved(43ms).
2025.02.25 21:47:20,947	INFO	178	org.l2jmobius.gameserver.Shutdown	GrandBossManager: All Grand Boss info saved(3ms).
2025.02.25 21:47:20,948	INFO	178	org.l2jmobius.gameserver.Shutdown	Item Auction Manager: All tasks stopped(1ms).
2025.02.25 21:47:20,950	INFO	178	org.l2jmobius.gameserver.Shutdown	Olympiad System: Data saved(1ms).
2025.02.25 21:47:20,951	INFO	178	org.l2jmobius.gameserver.Shutdown	Hero System: Data saved(2ms).
2025.02.25 21:47:20,953	INFO	178	org.l2jmobius.gameserver.Shutdown	Clan System: Data saved(2ms).
2025.02.25 21:47:20,953	INFO	178	org.l2jmobius.gameserver.Shutdown	Cursed Weapons Manager: Data saved(0ms).
2025.02.25 21:47:20,956	INFO	178	org.l2jmobius.gameserver.Shutdown	Castle Manor Manager: Data saved(3ms).
2025.02.25 21:47:20,956	INFO	178	org.l2jmobius.gameserver.Shutdown	Quest Manager: Data saved(0ms).
2025.02.25 21:47:20,962	INFO	178	org.l2jmobius.gameserver.instancemanager.GlobalVariablesManager	GlobalVariablesManager: Stored 4 variables.
2025.02.25 21:47:20,962	INFO	178	org.l2jmobius.gameserver.Shutdown	Global Variables Manager: Variables saved(6ms).
2025.02.25 21:47:20,963	INFO	178	org.l2jmobius.gameserver.Shutdown	Party Matching History Table: Data saved(0ms).
2025.02.25 21:47:20,987	INFO	178	org.l2jmobius.gameserver.Shutdown	SchemeBufferTable data has been saved.
2025.02.25 21:47:20,987	INFO	178	org.l2jmobius.gameserver.Shutdown	Bot Report Table: Successfully saved reports to database!
2025.02.25 21:47:25,996	INFO	178	org.l2jmobius.commons.database.DatabaseFactory	Database: HikariCP pool closed successfully.
2025.02.25 21:47:25,997	INFO	178	org.l2jmobius.gameserver.Shutdown	Database Factory: Database connection has been shut down(4ms).
2025.02.25 21:47:25,997	INFO	178	org.l2jmobius.gameserver.Shutdown	The server has been successfully shut down in 5seconds.
